<?xml version="1.0" encoding="UTF-8" ?>
<testsuites>
  <testsuite errors="0" failures="0" hostname="ARAR-dabdala-2.local" id="0" name="ItemsConsumerServiceIntegrationSpec" package="" tests="1" time="2.986" timestamp="2015-06-15T20:37:56">
      <properties />

      <testcase classname="ItemsConsumerServiceIntegrationSpec" name="test obtener datos en json de los items" time="2.984" />

      <system-out><![CDATA[--Output from test obtener datos en json de los items--
]]></system-out>

      <system-err><![CDATA[--Output from test obtener datos en json de los items--
]]></system-err>

  </testsuite>
</testsuites>
